6 [140401905788800] INFO perfrun.launcher <> - Launcher main begin
7 [140401905788800] INFO perfrun.launcher <> - MessageCatalogInit finished
7 [140401905788800] INFO perfrun.launcher <> - Launcher instance created
7 [140401905788800] INFO perfrun.launcher <> - argc = 7; cmdline = /home/petrut/intel/oneapi/vtune/2024.0/bin64/amplxe-runss --ui-output-format xml --ui-output-fd 14 --option-file /home/petrut/intel/vtune/projects/Profile/r004hs/config/runss.options 
723 [140401905788800] INFO perfrun.launcher <> - create msngr2::ICliToolContext
724 [140401905788800] INFO perfrun.launcher <> - create file finder object
724 [140401905788800] INFO perfrun.launcher <> - create a result directory: pattern = /home/petrut/intel/vtune/projects/Profile/r004hs pid = 4294967295
724 [140401905788800] INFO perfrun.sdk <> - checked that the directory /home/petrut/intel/vtune/projects/Profile/r004hs is a local directory
724 [140401905788800] INFO perfrun.sdk <> - the directory /home/petrut/intel/vtune/projects/Profile/r004hs is a local directory with FS type ID 61267
725 [140401905788800] INFO perfrun.launcher <> - create data directory = /home/petrut/intel/vtune/projects/Profile/r004hs/data.0
725 [140401905788800] INFO perfrun.launcher <> - Creating the master collection flag
738 [140401905788800] INFO perfrun.launcher <> - Done creating the master collection flag
739 [140401896273664] INFO perfrun.launcher <> - plugin [remoteplug] was disabled because it doesn't support the given collection type.
739 [140401896273664] INFO perfrun.sdk <> - Allocating TMU :/home/petrut/intel/vtune/projects/Profile/r004hs/data.0/systemcollector-24787-DESKTOP-I0SO2DT.sc
739 [140401896273664] INFO perfrun.system <> - Tpss based collection
739 [140401896273664] INFO perfrun.launcher <> - plugin [ptracecollector] was disabled because it doesn't support the given collection type.
739 [140401896273664] INFO perfrun.launcher <> - plugin [gpu] was disabled because it doesn't support the given collection type.
739 [140401896273664] INFO perfrun.launcher <> - plugin [] was disabled because it doesn't support the given collection type.
739 [140401896273664] INFO perfrun.launcher <> - plugin [] was disabled because it doesn't support the given collection type.
739 [140401896273664] INFO perfrun.launcher <> - plugin [] was disabled because it doesn't support the given collection type.
739 [140401896273664] INFO perfrun.mrte <> - system-wide mode is 0
739 [140401896273664] INFO perfrun.mrte <> - Getting  mrte profiling environment ...
747 [140401896273664] INFO perfrun.mrte <> - INTEL_MRTE_DATA_DIR=/home/petrut/intel/vtune/projects/Profile/r004hs/data.0
747 [140401896273664] INFO perfrun.mrte <> - INTEL_MRTE_HOST_NAME=DESKTOP-I0SO2DT
747 [140401896273664] INFO perfrun.mrte <> - JAVA_TOOL_OPTIONS=-agentlib:amplxe_tpssmrte_javaprof_1.0 -Dsun.boot.library.path=/home/petrut/intel/oneapi/vtune/2024.0/lib32/runtime:/home/petrut/intel/oneapi/vtune/2024.0/lib64/runtime
747 [140401896273664] INFO perfrun.mrte <> - LD_LIBRARY_PATH=/home/petrut/intel/oneapi/vtune/2024.0/lib32/runtime:/home/petrut/intel/oneapi/vtune/2024.0/lib64/runtime
747 [140401896273664] INFO perfrun.mrte <> - CORECLR_ENABLE_PROFILING=1
747 [140401896273664] INFO perfrun.mrte <> - CORECLR_PROFILER={AA5E4821-E3B1-479c-B7FF-5AD047D22CED}
747 [140401896273664] INFO perfrun.mrte <> - CORECLR_PROFILER_PATH=/home/petrut/intel/oneapi/vtune/2024.0/lib64/libamplxe_samplingmrte_clrprof_1.0.so
747 [140401896273664] INFO perfrun.mrte <> - INTEL_MRTE_PROFILER_MODE=mixed
747 [140401896273664] INFO perfrun.mrte <> - Data directory: /home/petrut/intel/vtune/projects/Profile/r004hs/data.0
747 [140401896273664] INFO perfrun.mrte <> - Mrte plugin is initialized
747 [140401896273664] INFO perfrun.launcher <> - plugin [emon] was disabled because it doesn't support the given collection type.
747 [140401896273664] INFO perfrun.launcher <> - plugin [cuscol] was disabled because it doesn't support the given collection type.
747 [140401896273664] INFO perfrun.launcher <> - plugin [stdsrc] was disabled because it doesn't support the given collection type.
747 [140401896273664] INFO perfrun.launcher <> - plugin [sep] was disabled because it doesn't support the given collection type.
747 [140401896273664] INFO perfrun.launcher <> - plugin [vtsspp] was disabled because it doesn't support the given collection type.
748 [140401896273664] INFO perfrun.launcher <> - plugin [perf] was disabled because it doesn't support the given collection type.
748 [140401896273664] INFO perfrun.launcher <> - plugin [aoclprofile] was disabled because it doesn't support the given collection type.
748 [140401896273664] INFO perfrun.tpss <> - initialize tpss controller
748 [140401896273664] INFO perfrun.tpss <> - configure collection mode: value = cpu:counters:nostack
748 [140401896273664] INFO perfrun.tpss <> - configure collection mode: value = cpu:stack
748 [140401896273664] INFO perfrun.tpss <> - default obj-size-min=1024
748 [140401896273664] INFO perfrun.tpss <> - default hash-table-size=0
748 [140401896273664] INFO perfrun.launcher <> - plugin [media] was disabled because it doesn't support the given collection type.
748 [140401896273664] INFO perfrun.launcher <> - plugin [] was disabled because it doesn't support the given collection type.
748 [140401896273664] INFO perfrun.launcher <> - plugin [] was disabled because it doesn't support the given collection type.
748 [140401896273664] INFO perfrun.launcher <> - plugin [parallelfs] was disabled because it doesn't support the given collection type.
748 [140401896273664] INFO perfrun.launcher <> - plugin [power] was disabled because it doesn't support the given collection type.
748 [140401896273664] INFO perfrun.launcher <> - plugin [] was disabled because it doesn't support the given collection type.
748 [140401896273664] INFO perfrun.launcher <> - plugin [ipmwatch] was disabled because it doesn't support the given collection type.
748 [140401896273664] INFO perfrun.launcher <> - plugin [os_counters] was disabled because it doesn't support the given collection type.
748 [140401896273664] INFO perfrun.launcher <> - plugin [l0_metrics] was disabled because it doesn't support the given collection type.
748 [140401905788800] INFO perfrun.launcher <> - set environment variable: LD_LIBRARY_PATH = /home/petrut/intel/oneapi/vtune/2024.0/lib32/runtime:/home/petrut/intel/oneapi/vtune/2024.0/lib64/runtime
748 [140401905788800] INFO perfrun.launcher <> - set environment variable: INTEL_LIBITTNOTIFY32 = /home/petrut/intel/oneapi/vtune/2024.0/lib32/runtime/libittnotify_collector.so
749 [140401905788800] INFO perfrun.launcher <> - set environment variable: INTEL_LIBITTNOTIFY64 = /home/petrut/intel/oneapi/vtune/2024.0/lib64/runtime/libittnotify_collector.so
749 [140401905788800] INFO perfrun.launcher <> - set environment variable: INTEL_ITTNOTIFY_GROUPS = 
749 [140401905788800] INFO perfrun.launcher <> - set environment variable: INTEL_JIT_PROFILER32 = /home/petrut/intel/oneapi/vtune/2024.0/lib32/runtime/libittnotify_collector.so
749 [140401905788800] INFO perfrun.launcher <> - set environment variable: INTEL_JIT_PROFILER64 = /home/petrut/intel/oneapi/vtune/2024.0/lib64/runtime/libittnotify_collector.so
750 [140401905788800] INFO perfrun.launcher <> - set environment variable: ENABLE_JITPROFILING = 1
750 [140401905788800] INFO perfrun.launcher <> - set environment variable: CL_CONFIG_USE_VTUNE = True
750 [140401905788800] INFO perfrun.launcher <> - set environment variable: KMP_FORKJOIN_FRAMES = 0
750 [140401905788800] INFO perfrun.launcher <> - set environment variable: KMP_FORKJOIN_FRAMES_MODE = 0
750 [140401905788800] INFO perfrun.launcher <> - set environment variable: INTEL_MRTE_DATA_DIR = /home/petrut/intel/vtune/projects/Profile/r004hs/data.0
750 [140401905788800] INFO perfrun.launcher <> - set environment variable: INTEL_MRTE_HOST_NAME = DESKTOP-I0SO2DT
750 [140401905788800] INFO perfrun.launcher <> - set environment variable: JAVA_TOOL_OPTIONS = -agentlib:amplxe_tpssmrte_javaprof_1.0 -Dsun.boot.library.path=/home/petrut/intel/oneapi/vtune/2024.0/lib32/runtime:/home/petrut/intel/oneapi/vtune/2024.0/lib64/runtime
750 [140401905788800] INFO perfrun.launcher <> - set environment variable: LD_LIBRARY_PATH = /home/petrut/intel/oneapi/vtune/2024.0/lib32/runtime:/home/petrut/intel/oneapi/vtune/2024.0/lib64/runtime
750 [140401905788800] INFO perfrun.launcher <> - set environment variable: CORECLR_ENABLE_PROFILING = 1
751 [140401905788800] INFO perfrun.launcher <> - set environment variable: CORECLR_PROFILER = {AA5E4821-E3B1-479c-B7FF-5AD047D22CED}
751 [140401905788800] INFO perfrun.launcher <> - set environment variable: CORECLR_PROFILER_PATH = /home/petrut/intel/oneapi/vtune/2024.0/lib64/libamplxe_samplingmrte_clrprof_1.0.so
751 [140401905788800] INFO perfrun.launcher <> - set environment variable: INTEL_MRTE_PROFILER_MODE = mixed
751 [140401905788800] INFO perfrun.launcher <> - RpcServer: run RPC server to handle requests
751 [140401905788800] INFO perfrun.launcher <> - Launcher: command line to start before modification = /home/petrut/Profiling/RT_Parallel_OPENMP/final_scene
751 [140401905788800] INFO perfrun.launcher <> - Launcher: command line to start after modification = /home/petrut/intel/oneapi/vtune/2024.0/bin64/pin -error_file /home/petrut/intel/vtune/projects/Profile/r004hs/data.0/pinerr.tpsslog -detach_reattach -follow_execv -tool_load_option deepbind -t64 /home/petrut/intel/oneapi/vtune/2024.0/lib64/libtpsstool.so -t /home/petrut/intel/oneapi/vtune/2024.0/lib32/libtpsstool.so -server_name tpss_ipc.24787 -prd_dir /home/petrut/intel/oneapi/vtune/2024.0 -- /home/petrut/Profiling/RT_Parallel_OPENMP/final_scene
751 [140401905788800] INFO perfrun.launcher <> - ProcessCreator object was created
752 [140401905788800] INFO perfrun.launcher <> - Launcher: the process was started in suspend mode
753 [140401896273664] WARN perfrun.system <> - Folder "/sys/kernel/debug/kvm"doesn't exist, at file: vcs/perfrun1/plugins/system/src/trace_writer.cpp:720
753 [140401896273664] WARN perfrun.system <> - Folder "/var/run/libvirt/qemu/"doesn't exist, at file: vcs/perfrun1/plugins/system/src/trace_writer.cpp:800
753 [140401896273664] WARN perfrun.sdk <> - Failed to find xl binary on any of the system paths: /bin, /sbin, /usr/bin, /usr/sbin., at file: vcs/perfrun1/sdk/src/utils.cpp:204
753 [140401896273664] WARN perfrun.system <> - Could not start ContainerMapping collector, at file: vcs/perfrun1/plugins/system/src/controller.cpp:448
790 [140401896273664] INFO perfrun.vdso <> - Helper runtool '/home/petrut/intel/oneapi/vtune/2024.0/bin32/amplxe-runss -dump-vdso -r /home/petrut/intel/vtune/projects/Profile/r004hs --tmp-dir /tmp/amplxe-tmp-petrut' returned 0
854 [140401896273664] INFO perfrun.vdso <> - Helper runtool '/home/petrut/intel/oneapi/vtune/2024.0/bin64/amplxe-runss -dump-vdso -r /home/petrut/intel/vtune/projects/Profile/r004hs --tmp-dir /tmp/amplxe-tmp-petrut' returned 0
854 [140401896273664] INFO perfrun.itt <> - start itt controller for pid #24792
854 [140401896273664] INFO perfrun.tpss <> - start tpss controller for pid #24792
905 [140401905788800] INFO perfrun.launcher <> - Launcher: all plugins were started
905 [140401905788800] INFO perfrun.launcher <> - DirectoryMonitor object was created
905 [140401905788800] INFO perfrun.launcher <> - DirectoryMonitor: a callback was added
905 [140401905788800] INFO perfrun.launcher <> - DirectoryMonitor was started with pingTime = 1000
905 [140401905788800] INFO perfrun.launcher <> - DeadlineTimer is going to be constructed
905 [140401905788800] INFO perfrun.launcher <> - DeadlineTimer: a callback was added
912 [140401905788800] INFO perfrun.launcher <> - Launcher: resume the profiled application and  wait its termination or stop command
110083 [140401905788800] INFO perfrun.launcher <> - Launcher: the profiled application was terminated  with exit code = 0
110085 [140401896273664] INFO perfrun.itt <> - detach itt controller
110085 [140401896273664] INFO perfrun.itt <> - detach itt controller done
110085 [140401896273664] INFO perfrun.tpss <> - stop tpss controller
110086 [140401896273664] INFO perfrun.sdk <> - De-allocating TMU: /home/petrut/intel/vtune/projects/Profile/r004hs/data.0/systemcollector-24787-DESKTOP-I0SO2DT.sc
110086 [140401896273664] INFO perfrun.system <> - closed the system trace file: /home/petrut/intel/vtune/projects/Profile/r004hs/data.0/systemcollector-24787-DESKTOP-I0SO2DT.sc
110086 [140401905788800] INFO perfrun.launcher <> - Launcher: all plugins were stopped.
110086 [140401905788800] INFO perfrun.launcher <> - DeadlineTimer is going to be destroyed
110086 [140401905788800] INFO perfrun.launcher <> - DeadlineTimer was destroyed
110086 [140401905788800] INFO perfrun.launcher <> - DirectoryMonitor object was destroyed
110086 [140401905788800] WARN perfrun.launcher <> - Stop command is ignored because it is received when collection is already stopped, at file: vcs/perfrun1/launcher/src/command_handler.cpp:226
110086 [140401905788800] INFO perfrun.launcher <> - Application exit code: 0
110086 [140401905788800] INFO perfrun.launcher <> - Exit code: 0
