7 [4130653952] INFO perfrun.launcher <> - Launcher main begin
8 [4130653952] INFO perfrun.launcher <> - MessageCatalogInit finished
8 [4130653952] INFO perfrun.launcher <> - Launcher instance created
8 [4130653952] INFO perfrun.launcher <> - argc = 6; cmdline = /home/petrut/intel/oneapi/vtune/2024.0/bin32/amplxe-runss -dump-vdso -r /home/petrut/intel/vtune/projects/Profile/r006hs --tmp-dir /tmp/amplxe-tmp-petrut 
18 [4130653952] INFO perfrun.launcher <> - create msngr2::ICliToolContext
18 [4130653952] INFO perfrun.launcher <> - create file finder object
20 [4130036544] INFO perfrun.launcher <> - plugin [remoteplug] was disabled because it doesn't support the given collection type.
20 [4130036544] INFO perfrun.launcher <> - plugin [] was disabled because it doesn't support the given collection type.
20 [4130036544] INFO perfrun.vdso <> - dumping [vdso] pseudomodule
26 [4130036544] INFO perfrun.launcher <> - plugin [] was disabled because it doesn't support the given collection type.
26 [4130036544] INFO perfrun.launcher <> - plugin [] was disabled because it doesn't support the given collection type.
26 [4130036544] INFO perfrun.launcher <> - plugin [] was disabled because it doesn't support the given collection type.
26 [4130036544] INFO perfrun.launcher <> - plugin [] was disabled because it doesn't support the given collection type.
26 [4130036544] INFO perfrun.launcher <> - plugin [] was disabled because it doesn't support the given collection type.
26 [4130036544] INFO perfrun.launcher <> - plugin [] was disabled because it doesn't support the given collection type.
26 [4130036544] INFO perfrun.launcher <> - plugin [] was disabled because it doesn't support the given collection type.
26 [4130036544] INFO perfrun.launcher <> - plugin [] was disabled because it doesn't support the given collection type.
26 [4130036544] INFO perfrun.launcher <> - plugin [] was disabled because it doesn't support the given collection type.
26 [4130036544] INFO perfrun.launcher <> - plugin [] was disabled because it doesn't support the given collection type.
26 [4130036544] INFO perfrun.launcher <> - plugin [] was disabled because it doesn't support the given collection type.
26 [4130036544] INFO perfrun.launcher <> - plugin [] was disabled because it doesn't support the given collection type.
26 [4130036544] INFO perfrun.launcher <> - plugin [] was disabled because it doesn't support the given collection type.
26 [4130036544] INFO perfrun.launcher <> - plugin [] was disabled because it doesn't support the given collection type.
26 [4130036544] INFO perfrun.launcher <> - plugin [] was disabled because it doesn't support the given collection type.
26 [4130036544] INFO perfrun.launcher <> - plugin [] was disabled because it doesn't support the given collection type.
26 [4130036544] INFO perfrun.launcher <> - plugin [] was disabled because it doesn't support the given collection type.
26 [4130036544] INFO perfrun.launcher <> - plugin [] was disabled because it doesn't support the given collection type.
26 [4130036544] INFO perfrun.launcher <> - plugin [] was disabled because it doesn't support the given collection type.
26 [4130036544] INFO perfrun.launcher <> - plugin [] was disabled because it doesn't support the given collection type.
26 [4130036544] INFO perfrun.launcher <> - plugin [] was disabled because it doesn't support the given collection type.
26 [4130036544] INFO perfrun.launcher <> - plugin [] was disabled because it doesn't support the given collection type.
26 [4130036544] INFO perfrun.launcher <> - plugin [] was disabled because it doesn't support the given collection type.
26 [4130036544] INFO perfrun.launcher <> - plugin [] was disabled because it doesn't support the given collection type.
26 [4130653952] INFO perfrun.launcher <> - Application exit code: 0
26 [4130653952] INFO perfrun.launcher <> - Exit code: 0
