7 [4131002112] INFO perfrun.launcher <> - Launcher main begin
8 [4131002112] INFO perfrun.launcher <> - MessageCatalogInit finished
8 [4131002112] INFO perfrun.launcher <> - Launcher instance created
8 [4131002112] INFO perfrun.launcher <> - argc = 6; cmdline = /home/petrut/intel/oneapi/vtune/2024.0/bin32/amplxe-runss -dump-vdso -r /home/petrut/intel/vtune/projects/Profile/r007hs --tmp-dir /tmp/amplxe-tmp-petrut 
19 [4131002112] INFO perfrun.launcher <> - create msngr2::ICliToolContext
19 [4131002112] INFO perfrun.launcher <> - create file finder object
21 [4130384704] INFO perfrun.launcher <> - plugin [remoteplug] was disabled because it doesn't support the given collection type.
21 [4130384704] INFO perfrun.launcher <> - plugin [] was disabled because it doesn't support the given collection type.
21 [4130384704] INFO perfrun.vdso <> - dumping [vdso] pseudomodule
27 [4130384704] INFO perfrun.launcher <> - plugin [] was disabled because it doesn't support the given collection type.
27 [4130384704] INFO perfrun.launcher <> - plugin [] was disabled because it doesn't support the given collection type.
27 [4130384704] INFO perfrun.launcher <> - plugin [] was disabled because it doesn't support the given collection type.
27 [4130384704] INFO perfrun.launcher <> - plugin [] was disabled because it doesn't support the given collection type.
27 [4130384704] INFO perfrun.launcher <> - plugin [] was disabled because it doesn't support the given collection type.
27 [4130384704] INFO perfrun.launcher <> - plugin [] was disabled because it doesn't support the given collection type.
27 [4130384704] INFO perfrun.launcher <> - plugin [] was disabled because it doesn't support the given collection type.
27 [4130384704] INFO perfrun.launcher <> - plugin [] was disabled because it doesn't support the given collection type.
27 [4130384704] INFO perfrun.launcher <> - plugin [] was disabled because it doesn't support the given collection type.
27 [4130384704] INFO perfrun.launcher <> - plugin [] was disabled because it doesn't support the given collection type.
27 [4130384704] INFO perfrun.launcher <> - plugin [] was disabled because it doesn't support the given collection type.
27 [4130384704] INFO perfrun.launcher <> - plugin [] was disabled because it doesn't support the given collection type.
27 [4130384704] INFO perfrun.launcher <> - plugin [] was disabled because it doesn't support the given collection type.
27 [4130384704] INFO perfrun.launcher <> - plugin [] was disabled because it doesn't support the given collection type.
27 [4130384704] INFO perfrun.launcher <> - plugin [] was disabled because it doesn't support the given collection type.
27 [4130384704] INFO perfrun.launcher <> - plugin [] was disabled because it doesn't support the given collection type.
27 [4130384704] INFO perfrun.launcher <> - plugin [] was disabled because it doesn't support the given collection type.
27 [4130384704] INFO perfrun.launcher <> - plugin [] was disabled because it doesn't support the given collection type.
27 [4130384704] INFO perfrun.launcher <> - plugin [] was disabled because it doesn't support the given collection type.
27 [4130384704] INFO perfrun.launcher <> - plugin [] was disabled because it doesn't support the given collection type.
27 [4130384704] INFO perfrun.launcher <> - plugin [] was disabled because it doesn't support the given collection type.
27 [4130384704] INFO perfrun.launcher <> - plugin [] was disabled because it doesn't support the given collection type.
27 [4130384704] INFO perfrun.launcher <> - plugin [] was disabled because it doesn't support the given collection type.
27 [4130384704] INFO perfrun.launcher <> - plugin [] was disabled because it doesn't support the given collection type.
27 [4131002112] INFO perfrun.launcher <> - Application exit code: 0
27 [4131002112] INFO perfrun.launcher <> - Exit code: 0
